-------------------------------------------------------------------------------
Test set: edu.baylor.cs.junit.order.Ex6_2Suite
-------------------------------------------------------------------------------
Tests run: 4, Failures: 1, Errors: 0, Skipped: 1, Time elapsed: 0.087 sec <<< FAILURE! - in edu.baylor.cs.junit.order.Ex6_2Suite
failingTest()(Ex1StandardTests)  Time elapsed: 0.009 sec  <<< FAILURE!
org.opentest4j.AssertionFailedError: a failing test

